Arguments: 
  C:\Program Files\nodejs\node.exe C:\Users\ka_wa\AppData\Roaming\npm\node_modules\yarn\bin\yarn.js add @react-aria

PATH: 
  C:\Program Files\Git\mingw64\bin;C:\Program Files\Git\usr\bin;C:\Users\ka_wa\bin;C:\WINDOWS\system32;C:\WINDOWS;C:\WINDOWS\System32\Wbem;C:\WINDOWS\System32\WindowsPowerShell\v1.0;C:\WINDOWS\System32\OpenSSH;C:\Users\ka_wa\Anaconda3\envs\py9321;C:\Program Files\Git\cmd;C:\Program Files\swipl\bin;C:\Program Files\nodejs;C:\Users\ka_wa\AppData\Roaming\local\bin;C:\Users\ka_wa\OneDrive\Documents\COMP3141\bin;C:\Users\ka_wa\AppData\Local\Microsoft\WindowsApps;C:\Users\ka_wa\AppData\Local\Programs\Microsoft VS Code\bin;C:\Users\ka_wa\AppData\Roaming\npm

Yarn version: 
  1.22.10

Node version: 
  14.16.1

Platform: 
  win32 x64

Trace: 
  Error: https://registry.yarnpkg.com/@react-aria: Request "https://registry.yarnpkg.com/@react-aria" returned a 405
      at Request.params.callback [as _callback] (C:\Users\ka_wa\AppData\Roaming\npm\node_modules\yarn\lib\cli.js:66997:18)
      at Request.self.callback (C:\Users\ka_wa\AppData\Roaming\npm\node_modules\yarn\lib\cli.js:140662:22)
      at Request.emit (events.js:315:20)
      at Request.<anonymous> (C:\Users\ka_wa\AppData\Roaming\npm\node_modules\yarn\lib\cli.js:141634:10)
      at Request.emit (events.js:315:20)
      at IncomingMessage.<anonymous> (C:\Users\ka_wa\AppData\Roaming\npm\node_modules\yarn\lib\cli.js:141556:12)
      at Object.onceWrapper (events.js:421:28)
      at IncomingMessage.emit (events.js:327:22)
      at endReadableNT (internal/streams/readable.js:1327:12)
      at processTicksAndRejections (internal/process/task_queues.js:80:21)

npm manifest: 
  No manifest

yarn manifest: 
  No manifest

Lockfile: 
  No lockfile
